TN:
SF:src/main/ts/api.ts
FN:15,getIssues
FN:16,(anonymous_1)
FN:17,(anonymous_2)
FNF:3
FNH:0
FNDA:0,getIssues
FNDA:0,(anonymous_1)
FNDA:0,(anonymous_2)
DA:9,0
DA:16,0
DA:17,0
LF:3
LH:0
BRF:0
BRH:0
end_of_record
TN:
SF:src/main/ts/constants.ts
FN:6,(anonymous_1)
FN:7,(anonymous_2)
FN:9,(anonymous_3)
FNF:3
FNH:3
FNDA:2,(anonymous_1)
FNDA:2,(anonymous_2)
FNDA:3,(anonymous_3)
DA:6,2
DA:7,2
DA:9,3
LF:3
LH:3
BRF:0
BRH:0
end_of_record
TN:
SF:src/main/ts/stats.tsx
FN:22,(anonymous_0)
FNF:1
FNH:0
FNDA:0,(anonymous_0)
DA:22,0
DA:23,0
LF:2
LH:0
BRF:0
BRH:0
end_of_record
TN:
SF:src/main/ts/testHelpers.tsx
FN:11,(anonymous_0)
FNF:1
FNH:1
FNDA:2,(anonymous_0)
DA:7,1
DA:8,1
DA:9,1
DA:11,1
DA:12,1
LF:5
LH:5
BRF:0
BRH:0
end_of_record
TN:
SF:src/main/ts/components/CAYCPresentation.tsx
FN:12,(anonymous_0)
FNF:1
FNH:1
FNDA:2,(anonymous_0)
DA:7,1
DA:8,1
DA:9,1
DA:10,1
DA:12,1
DA:13,1
DA:34,1
DA:39,1
DA:45,1
DA:50,1
DA:56,1
LF:11
LH:11
BRF:0
BRH:0
end_of_record
TN:
SF:src/main/ts/components/Chart.tsx
FN:23,(anonymous_0)
FNF:1
FNH:1
FNDA:7,(anonymous_0)
DA:7,1
DA:8,1
DA:9,1
DA:10,1
DA:11,1
DA:12,1
DA:13,1
DA:14,1
DA:15,1
DA:16,1
DA:18,1
DA:19,1
DA:23,1
DA:24,6
DA:26,6
DA:27,5
DA:30,1
DA:31,1
DA:72,1
DA:78,1
DA:83,1
DA:88,1
LF:22
LH:22
BRDA:26,0,0,5
BRF:1
BRH:1
end_of_record
TN:
SF:src/main/ts/components/ChartLine.tsx
FN:20,(anonymous_0)
FN:22,(anonymous_3)
FN:23,(anonymous_4)
FN:24,(anonymous_5)
FNF:4
FNH:4
FNDA:4,(anonymous_0)
FNDA:48,(anonymous_3)
FNDA:48,(anonymous_4)
FNDA:48,(anonymous_5)
DA:7,1
DA:9,1
DA:10,1
DA:11,1
DA:20,2
DA:21,2
DA:22,48
DA:23,48
DA:24,48
DA:26,2
DA:28,2
DA:30,2
DA:32,2
DA:58,1
DA:63,1
LF:15
LH:15
BRDA:20,0,0,1
BRDA:22,1,0,48
BRDA:22,1,1,0
BRDA:35,2,0,2
BRDA:35,2,1,0
BRDA:36,3,0,1
BRDA:36,3,1,1
BRDA:44,4,0,1
BRDA:44,4,1,1
BRDA:45,5,0,1
BRDA:45,5,1,1
BRDA:49,6,0,1
BRDA:49,6,1,1
BRF:13
BRH:11
end_of_record
TN:
SF:src/main/ts/components/ChartVerticalMarkers.tsx
FN:17,(anonymous_0)
FN:34,(anonymous_3)
FNF:2
FNH:2
FNDA:2,(anonymous_0)
FNDA:2,(anonymous_3)
DA:7,1
DA:9,1
DA:10,1
DA:11,1
DA:17,1
DA:18,1
DA:19,1
DA:34,2
LF:8
LH:8
BRDA:37,0,0,1
BRDA:37,0,1,1
BRF:2
BRH:2
end_of_record
TN:
SF:src/main/ts/components/ChartXAxis.tsx
FN:14,(anonymous_0)
FN:20,(anonymous_3)
FNF:2
FNH:2
FNDA:2,(anonymous_0)
FNDA:2,(anonymous_3)
DA:8,1
DA:14,1
DA:15,1
DA:16,1
DA:18,1
DA:21,2
LF:6
LH:6
BRF:0
BRH:0
end_of_record
TN:
SF:src/main/ts/components/CleanAsYouCode.tsx
FN:11,(anonymous_0)
FNF:1
FNH:1
FNDA:2,(anonymous_0)
DA:6,1
DA:7,1
DA:8,1
DA:9,1
DA:11,1
DA:12,1
DA:24,1
DA:32,1
LF:8
LH:8
BRF:0
BRH:0
end_of_record
TN:
SF:src/main/ts/components/Spinner.tsx
FN:56,(anonymous_0)
FNF:1
FNH:1
FNDA:5,(anonymous_0)
DA:7,1
DA:8,1
DA:10,1
DA:15,1
DA:56,5
LF:5
LH:5
BRF:0
BRH:0
end_of_record
TN:
SF:src/main/ts/components/useData.ts
FN:60,(anonymous_0)
FN:22,churn
FN:26,noise
FN:41,generateProjection
FN:44,(anonymous_4)
FN:51,(anonymous_5)
FN:73,(anonymous_7)
FN:74,(anonymous_8)
FN:78,(anonymous_9)
FN:90,(anonymous_10)
FN:92,(anonymous_11)
FN:100,(anonymous_12)
FNF:12
FNH:12
FNDA:12,(anonymous_0)
FNDA:12,churn
FNDA:12,noise
FNDA:1,generateProjection
FNDA:25,(anonymous_4)
FNDA:12,(anonymous_5)
FNDA:1,(anonymous_7)
FNDA:1,(anonymous_8)
FNDA:36,(anonymous_9)
FNDA:36,(anonymous_10)
FNDA:1,(anonymous_11)
FNDA:1,(anonymous_12)
DA:7,1
DA:8,1
DA:9,1
DA:10,1
DA:11,1
DA:12,1
DA:14,1
DA:15,1
DA:16,1
DA:23,12
DA:32,12
DA:34,12
DA:36,12
DA:38,12
DA:42,1
DA:44,25
DA:46,1
DA:47,0
DA:50,1
DA:51,1
DA:52,12
DA:54,12
DA:56,12
DA:60,6
DA:67,6
DA:68,6
DA:69,6
DA:70,6
DA:71,6
DA:73,6
DA:74,1
DA:75,1
DA:77,1
DA:78,1
DA:79,36
DA:80,36
DA:86,1
DA:87,1
DA:90,36
DA:91,1
DA:92,1
DA:96,1
DA:100,1
DA:102,1
DA:106,6
LF:45
LH:44
BRDA:46,0,0,0
BRF:1
BRH:0
end_of_record
